Determining if the pthread_create exist failed with the following output:
Change Dir: /home/qrstu/yty_folder2/OBCompetition/build/CMakeFiles/CMakeTmp

Run Build Command:"/usr/bin/gmake" "cmTC_f1479/fast"
/usr/bin/gmake -f CMakeFiles/cmTC_f1479.dir/build.make CMakeFiles/cmTC_f1479.dir/build
gmake[1]: 进入目录“/home/qrstu/yty_folder2/OBCompetition/build/CMakeFiles/CMakeTmp”
Building C object CMakeFiles/cmTC_f1479.dir/CheckSymbolExists.c.o
/usr/bin/cc   -Wall -DCMAKE_EXPORT_COMPILE_COMMANDS=1  -O2 -g     -o CMakeFiles/cmTC_f1479.dir/CheckSymbolExists.c.o   -c /home/qrstu/yty_folder2/OBCompetition/build/CMakeFiles/CMakeTmp/CheckSymbolExists.c
Linking C executable cmTC_f1479
/home/qrstu/anaconda3/lib/python3.7/site-packages/cmake/data/bin/cmake -E cmake_link_script CMakeFiles/cmTC_f1479.dir/link.txt --verbose=1
/usr/bin/cc  -Wall -DCMAKE_EXPORT_COMPILE_COMMANDS=1  -O2 -g      CMakeFiles/cmTC_f1479.dir/CheckSymbolExists.c.o  -o cmTC_f1479 
/usr/bin/ld: CMakeFiles/cmTC_f1479.dir/CheckSymbolExists.c.o: in function `main':
/home/qrstu/yty_folder2/OBCompetition/build/CMakeFiles/CMakeTmp/CheckSymbolExists.c:8: undefined reference to `pthread_create'
collect2: error: ld returned 1 exit status
gmake[1]: *** [CMakeFiles/cmTC_f1479.dir/build.make:87：cmTC_f1479] 错误 1
gmake[1]: 离开目录“/home/qrstu/yty_folder2/OBCompetition/build/CMakeFiles/CMakeTmp”
gmake: *** [Makefile:126：cmTC_f1479/fast] 错误 2

File /home/qrstu/yty_folder2/OBCompetition/build/CMakeFiles/CMakeTmp/CheckSymbolExists.c:
/* */
#include <pthread.h>

int main(int argc, char** argv)
{
  (void)argv;
#ifndef pthread_create
  return ((int*)(&pthread_create))[argc];
#else
  (void)argc;
  return 0;
#endif
}

Determining if the function pthread_create exists in the pthreads failed with the following output:
Change Dir: /home/qrstu/yty_folder2/OBCompetition/build/CMakeFiles/CMakeTmp

Run Build Command:"/usr/bin/gmake" "cmTC_6d7b4/fast"
/usr/bin/gmake -f CMakeFiles/cmTC_6d7b4.dir/build.make CMakeFiles/cmTC_6d7b4.dir/build
gmake[1]: 进入目录“/home/qrstu/yty_folder2/OBCompetition/build/CMakeFiles/CMakeTmp”
Building C object CMakeFiles/cmTC_6d7b4.dir/CheckFunctionExists.c.o
/usr/bin/cc   -Wall -DCMAKE_EXPORT_COMPILE_COMMANDS=1  -O2 -g  -DCHECK_FUNCTION_EXISTS=pthread_create   -o CMakeFiles/cmTC_6d7b4.dir/CheckFunctionExists.c.o   -c /home/qrstu/anaconda3/lib/python3.7/site-packages/cmake/data/share/cmake-3.11/Modules/CheckFunctionExists.c
Linking C executable cmTC_6d7b4
/home/qrstu/anaconda3/lib/python3.7/site-packages/cmake/data/bin/cmake -E cmake_link_script CMakeFiles/cmTC_6d7b4.dir/link.txt --verbose=1
/usr/bin/cc  -Wall -DCMAKE_EXPORT_COMPILE_COMMANDS=1  -O2 -g  -DCHECK_FUNCTION_EXISTS=pthread_create    CMakeFiles/cmTC_6d7b4.dir/CheckFunctionExists.c.o  -o cmTC_6d7b4 -lpthreads 
/usr/bin/ld: 找不到 -lpthreads
collect2: error: ld returned 1 exit status
gmake[1]: *** [CMakeFiles/cmTC_6d7b4.dir/build.make:87：cmTC_6d7b4] 错误 1
gmake[1]: 离开目录“/home/qrstu/yty_folder2/OBCompetition/build/CMakeFiles/CMakeTmp”
gmake: *** [Makefile:126：cmTC_6d7b4/fast] 错误 2


